<?xml version="1.0" encoding="UTF-8"?>
<testng-results ignored="0" total="2" passed="2" failed="0" skipped="0">
  <reporter-output>
  </reporter-output>
  <suite started-at="2021-11-09T09:01:48Z" name="Default suite" finished-at="2021-11-09T09:02:07Z" duration-ms="19550">
    <groups>
    </groups>
    <test started-at="2021-11-09T09:01:48Z" name="Default test" finished-at="2021-11-09T09:02:07Z" duration-ms="19550">
      <class name="com.ecommerce.qa.testcases.LoginPageTest">
        <test-method is-config="true" signature="setup()[pri:0, instance:com.ecommerce.qa.testcases.LoginPageTest@683dbc2c]" started-at="2021-11-09T09:01:48Z" name="setup" finished-at="2021-11-09T09:01:57Z" duration-ms="8676" status="PASS">
          <reporter-output>
          </reporter-output>
        </test-method> <!-- setup -->
        <test-method signature="Test1()[pri:1, instance:com.ecommerce.qa.testcases.LoginPageTest@683dbc2c]" started-at="2021-11-09T09:01:57Z" name="Test1" finished-at="2021-11-09T09:01:57Z" duration-ms="52" status="PASS">
          <reporter-output>
          </reporter-output>
        </test-method> <!-- Test1 -->
        <test-method is-config="true" signature="teardown()[pri:0, instance:com.ecommerce.qa.testcases.LoginPageTest@683dbc2c]" started-at="2021-11-09T09:01:57Z" name="teardown" finished-at="2021-11-09T09:01:57Z" duration-ms="598" status="PASS">
          <reporter-output>
          </reporter-output>
        </test-method> <!-- teardown -->
        <test-method is-config="true" signature="setup()[pri:0, instance:com.ecommerce.qa.testcases.LoginPageTest@683dbc2c]" started-at="2021-11-09T09:01:57Z" name="setup" finished-at="2021-11-09T09:02:07Z" duration-ms="9434" status="PASS">
          <reporter-output>
          </reporter-output>
        </test-method> <!-- setup -->
        <test-method signature="Test2()[pri:2, instance:com.ecommerce.qa.testcases.LoginPageTest@683dbc2c]" started-at="2021-11-09T09:02:07Z" name="Test2" finished-at="2021-11-09T09:02:07Z" duration-ms="152" status="PASS">
          <reporter-output>
          </reporter-output>
        </test-method> <!-- Test2 -->
        <test-method is-config="true" signature="teardown()[pri:0, instance:com.ecommerce.qa.testcases.LoginPageTest@683dbc2c]" started-at="2021-11-09T09:02:07Z" name="teardown" finished-at="2021-11-09T09:02:07Z" duration-ms="608" status="PASS">
          <reporter-output>
          </reporter-output>
        </test-method> <!-- teardown -->
      </class> <!-- com.ecommerce.qa.testcases.LoginPageTest -->
    </test> <!-- Default test -->
  </suite> <!-- Default suite -->
</testng-results>
